

Microchip MPLAB XC8 Assembler V2.31 build 20201012212115 
                                                                                               Mon Apr 19 23:44:25 2021

Microchip MPLAB XC8 C Compiler v2.31 (Free license) build 20201012212115 Og1 
     1                           	processor	16F887
     2                           	pagewidth 120
     3                           	opt	flic
     4                           	psect	idataBANK0,global,class=CODE,delta=2,noexec
     5                           	psect	cinit,global,class=CODE,merge=1,delta=2
     6                           	psect	bssBANK0,global,class=BANK0,space=1,delta=1,noexec
     7                           	psect	dataBANK0,global,class=BANK0,space=1,delta=1,noexec
     8                           	psect	inittext,global,class=CODE,delta=2
     9                           	psect	cstackCOMMON,global,class=COMMON,space=1,delta=1,noexec
    10                           	psect	cstackBANK0,global,class=BANK0,space=1,delta=1,noexec
    11                           	psect	maintext,global,class=CODE,split=1,delta=2
    12                           	psect	text1,local,class=CODE,merge=1,delta=2
    13                           	psect	text2,local,class=CODE,merge=1,delta=2
    14                           	psect	intentry,global,class=CODE,delta=2
    15                           	psect	text3,local,class=CODE,merge=1,delta=2,group=1
    16                           	psect	text4,local,class=CODE,merge=1,delta=2,group=1
    17                           	psect	config,global,abs,ovrld,class=CONFIG,space=4,delta=2,noexec
    18                           	dabs	1,0x7E,2
    19  0000                     
    20                           ; Version 2.20
    21                           ; Generated 12/02/2020 GMT
    22                           ; 
    23                           ; Copyright © 2020, Microchip Technology Inc. and its subsidiaries ("Microchip")
    24                           ; All rights reserved.
    25                           ; 
    26                           ; This software is developed by Microchip Technology Inc. and its subsidiaries ("Microch
      +                          ip").
    27                           ; 
    28                           ; Redistribution and use in source and binary forms, with or without modification, are
    29                           ; permitted provided that the following conditions are met:
    30                           ; 
    31                           ;     1. Redistributions of source code must retain the above copyright notice, this lis
      +                          t of
    32                           ;        conditions and the following disclaimer.
    33                           ; 
    34                           ;     2. Redistributions in binary form must reproduce the above copyright notice, this 
      +                          list
    35                           ;        of conditions and the following disclaimer in the documentation and/or other
    36                           ;        materials provided with the distribution.
    37                           ; 
    38                           ;     3. Microchip's name may not be used to endorse or promote products derived from th
      +                          is
    39                           ;        software without specific prior written permission.
    40                           ; 
    41                           ; THIS SOFTWARE IS PROVIDED BY MICROCHIP "AS IS" AND ANY EXPRESS OR IMPLIED WARRANTIES,
    42                           ; INCLUDING, BUT NOT LIMITED TO, THE IMPLIED WARRANTIES OF MERCHANTABILITY AND FITNESS F
      +                          OR
    43                           ; PURPOSE ARE DISCLAIMED.  IN NO EVENT SHALL MICROCHIP BE LIABLE FOR ANY DIRECT, INDIREC
      +                          T,
    44                           ; INCIDENTAL, SPECIAL, EXEMPLARY, OR CONSEQUENTIAL DAMAGES (INCLUDING BUT NOT LIMITED TO
    45                           ; PROCUREMENT OF SUBSTITUTE GOODS OR SERVICES; LOSS OF USE, DATA OR PROFITS; OR BUSINESS
    46                           ; INTERRUPTION) HOWSOEVER CAUSED AND ON ANY THEORY OF LIABILITY, WHETHER IN CONTRACT, ST
      +                          RICT
    47                           ; LIABILITY, OR TORT (INCLUDING NEGLIGENCE OR OTHERWISE) ARISING IN ANY WAY OUT OF THE U
      +                          SE OF
    48                           ; THIS SOFTWARE, EVEN IF ADVISED OF THE POSSIBILITY OF SUCH DAMAGE.
    49                           ; 
    50                           ; 
    51                           ; Code-generator required, PIC16F887 Definitions
    52                           ; 
    53                           ; SFR Addresses
    54  0000                     	;# 
    55  0001                     	;# 
    56  0002                     	;# 
    57  0003                     	;# 
    58  0004                     	;# 
    59  0005                     	;# 
    60  0006                     	;# 
    61  0007                     	;# 
    62  0008                     	;# 
    63  0009                     	;# 
    64  000A                     	;# 
    65  000B                     	;# 
    66  000C                     	;# 
    67  000D                     	;# 
    68  000E                     	;# 
    69  000E                     	;# 
    70  000F                     	;# 
    71  0010                     	;# 
    72  0011                     	;# 
    73  0012                     	;# 
    74  0013                     	;# 
    75  0014                     	;# 
    76  0015                     	;# 
    77  0015                     	;# 
    78  0016                     	;# 
    79  0017                     	;# 
    80  0018                     	;# 
    81  0019                     	;# 
    82  001A                     	;# 
    83  001B                     	;# 
    84  001B                     	;# 
    85  001C                     	;# 
    86  001D                     	;# 
    87  001E                     	;# 
    88  001F                     	;# 
    89  0081                     	;# 
    90  0085                     	;# 
    91  0086                     	;# 
    92  0087                     	;# 
    93  0088                     	;# 
    94  0089                     	;# 
    95  008C                     	;# 
    96  008D                     	;# 
    97  008E                     	;# 
    98  008F                     	;# 
    99  0090                     	;# 
   100  0091                     	;# 
   101  0092                     	;# 
   102  0093                     	;# 
   103  0093                     	;# 
   104  0093                     	;# 
   105  0094                     	;# 
   106  0095                     	;# 
   107  0096                     	;# 
   108  0097                     	;# 
   109  0098                     	;# 
   110  0099                     	;# 
   111  009A                     	;# 
   112  009B                     	;# 
   113  009C                     	;# 
   114  009D                     	;# 
   115  009E                     	;# 
   116  009F                     	;# 
   117  0105                     	;# 
   118  0107                     	;# 
   119  0108                     	;# 
   120  0109                     	;# 
   121  010C                     	;# 
   122  010C                     	;# 
   123  010D                     	;# 
   124  010E                     	;# 
   125  010F                     	;# 
   126  0185                     	;# 
   127  0187                     	;# 
   128  0188                     	;# 
   129  0189                     	;# 
   130  018C                     	;# 
   131  018D                     	;# 
   132  0000                     	;# 
   133  0001                     	;# 
   134  0002                     	;# 
   135  0003                     	;# 
   136  0004                     	;# 
   137  0005                     	;# 
   138  0006                     	;# 
   139  0007                     	;# 
   140  0008                     	;# 
   141  0009                     	;# 
   142  000A                     	;# 
   143  000B                     	;# 
   144  000C                     	;# 
   145  000D                     	;# 
   146  000E                     	;# 
   147  000E                     	;# 
   148  000F                     	;# 
   149  0010                     	;# 
   150  0011                     	;# 
   151  0012                     	;# 
   152  0013                     	;# 
   153  0014                     	;# 
   154  0015                     	;# 
   155  0015                     	;# 
   156  0016                     	;# 
   157  0017                     	;# 
   158  0018                     	;# 
   159  0019                     	;# 
   160  001A                     	;# 
   161  001B                     	;# 
   162  001B                     	;# 
   163  001C                     	;# 
   164  001D                     	;# 
   165  001E                     	;# 
   166  001F                     	;# 
   167  0081                     	;# 
   168  0085                     	;# 
   169  0086                     	;# 
   170  0087                     	;# 
   171  0088                     	;# 
   172  0089                     	;# 
   173  008C                     	;# 
   174  008D                     	;# 
   175  008E                     	;# 
   176  008F                     	;# 
   177  0090                     	;# 
   178  0091                     	;# 
   179  0092                     	;# 
   180  0093                     	;# 
   181  0093                     	;# 
   182  0093                     	;# 
   183  0094                     	;# 
   184  0095                     	;# 
   185  0096                     	;# 
   186  0097                     	;# 
   187  0098                     	;# 
   188  0099                     	;# 
   189  009A                     	;# 
   190  009B                     	;# 
   191  009C                     	;# 
   192  009D                     	;# 
   193  009E                     	;# 
   194  009F                     	;# 
   195  0105                     	;# 
   196  0107                     	;# 
   197  0108                     	;# 
   198  0109                     	;# 
   199  010C                     	;# 
   200  010C                     	;# 
   201  010D                     	;# 
   202  010E                     	;# 
   203  010F                     	;# 
   204  0185                     	;# 
   205  0187                     	;# 
   206  0188                     	;# 
   207  0189                     	;# 
   208  018C                     	;# 
   209  018D                     	;# 
   210                           
   211                           	psect	idataBANK0
   212  018D                     __pidataBANK0:
   213                           
   214                           ;initializer for _nums_displays
   215  018D  343F               	retlw	63
   216  018E  3406               	retlw	6
   217  018F  345B               	retlw	91
   218  0190  344F               	retlw	79
   219  0191  3466               	retlw	102
   220  0192  346D               	retlw	109
   221  0193  347D               	retlw	125
   222  0194  3407               	retlw	7
   223  0195  347F               	retlw	127
   224  0196  346F               	retlw	111
   225  000B                     _INTCONbits	set	11
   226  0009                     _PORTE	set	9
   227  0006                     _PORTB	set	6
   228  0005                     _PORTA	set	5
   229  0009                     _PORTEbits	set	9
   230  0007                     _PORTC	set	7
   231  005A                     _T0IF	set	90
   232  0081                     _OPTION_REGbits	set	129
   233  008F                     _OSCCONbits	set	143
   234  0089                     _TRISE	set	137
   235  0087                     _TRISC	set	135
   236  0086                     _TRISB	set	134
   237  0085                     _TRISA	set	133
   238  0189                     _ANSELH	set	393
   239  0188                     _ANSEL	set	392
   240                           
   241                           	psect	cinit
   242  0011                     start_initialization:	
   243                           ; #config settings
   244                           
   245  0011                     __initialization:
   246                           
   247                           ; Initialize objects allocated to BANK0
   248  0011  1383               	bcf	3,7	;select IRP bank0
   249  0012  3034               	movlw	low (__pdataBANK0+10)
   250  0013  00FD               	movwf	btemp+-1
   251  0014  3001               	movlw	high __pidataBANK0
   252  0015  00FE               	movwf	btemp
   253  0016  308D               	movlw	low __pidataBANK0
   254  0017  00FF               	movwf	btemp+1
   255  0018  302A               	movlw	low __pdataBANK0
   256  0019  0084               	movwf	4
   257  001A  120A  118A  217E  120A  118A  	fcall	init_ram0
   258                           
   259                           ; Clear objects allocated to BANK0
   260  001F  01A0               	clrf	__pbssBANK0& (0+127)
   261  0020  01A1               	clrf	(__pbssBANK0+1)& (0+127)
   262  0021  01A2               	clrf	(__pbssBANK0+2)& (0+127)
   263  0022  01A3               	clrf	(__pbssBANK0+3)& (0+127)
   264  0023  01A4               	clrf	(__pbssBANK0+4)& (0+127)
   265  0024  01A5               	clrf	(__pbssBANK0+5)& (0+127)
   266  0025  01A6               	clrf	(__pbssBANK0+6)& (0+127)
   267  0026  01A7               	clrf	(__pbssBANK0+7)& (0+127)
   268  0027  01A8               	clrf	(__pbssBANK0+8)& (0+127)
   269  0028  01A9               	clrf	(__pbssBANK0+9)& (0+127)
   270  0029                     end_of_initialization:	
   271                           ;End of C runtime variable initialization code
   272                           
   273  0029                     __end_of__initialization:
   274  0029  0183               	clrf	3
   275  002A  120A  118A  2892   	ljmp	_main	;jump to C main() function
   276                           
   277                           	psect	bssBANK0
   278  0020                     __pbssBANK0:
   279  0020                     _muxeo:
   280  0020                     	ds	2
   281  0022                     _contador:
   282  0022                     	ds	2
   283  0024                     _c:
   284  0024                     	ds	2
   285  0026                     _b:
   286  0026                     	ds	2
   287  0028                     _a:
   288  0028                     	ds	2
   289                           
   290                           	psect	dataBANK0
   291  002A                     __pdataBANK0:
   292  002A                     _nums_displays:
   293  002A                     	ds	10
   294                           
   295                           	psect	inittext
   296  017A                     init_fetch0:	
   297                           ;	Called with low address in FSR and high address in W
   298                           
   299  017A  087E               	movf	btemp,w
   300  017B  008A               	movwf	10
   301  017C  087F               	movf	btemp+1,w
   302  017D  0082               	movwf	2
   303  017E                     init_ram0:	
   304                           ;Called with:
   305                           ;	high address of idata address in btemp 
   306                           ;	low address of idata address in btemp+1 
   307                           ;	low address of data in FSR
   308                           ;	high address + 1 of data in btemp-1
   309                           
   310  017E  120A  118A  217A  120A  118A  	fcall	init_fetch0
   311  0183  0080               	movwf	0
   312  0184  0A84               	incf	4,f
   313  0185  0804               	movf	4,w
   314  0186  067D               	xorwf	btemp+-1,w
   315  0187  1903               	btfsc	3,2
   316  0188  3400               	retlw	0
   317  0189  0AFF               	incf	btemp+1,f
   318  018A  1903               	btfsc	3,2
   319  018B  0AFE               	incf	btemp,f
   320  018C  297E               	goto	init_ram0
   321                           
   322                           	psect	cstackCOMMON
   323  0070                     __pcstackCOMMON:
   324  0070                     ?_setup:
   325  0070                     ?_isr:	
   326                           ; 1 bytes @ 0x0
   327                           
   328  0070                     ?_main:	
   329                           ; 1 bytes @ 0x0
   330                           
   331  0070                     ?___lwdiv:	
   332                           ; 1 bytes @ 0x0
   333                           
   334  0070                     ___lwdiv@divisor:	
   335                           ; 2 bytes @ 0x0
   336                           
   337                           
   338                           ; 2 bytes @ 0x0
   339  0070                     	ds	2
   340  0072                     ___lwdiv@dividend:
   341                           
   342                           ; 2 bytes @ 0x2
   343  0072                     	ds	2
   344  0074                     ??___lwdiv:
   345                           
   346                           ; 1 bytes @ 0x4
   347  0074                     	ds	1
   348  0075                     ___lwdiv@quotient:
   349                           
   350                           ; 2 bytes @ 0x5
   351  0075                     	ds	2
   352  0077                     ___lwdiv@counter:
   353                           
   354                           ; 1 bytes @ 0x7
   355  0077                     	ds	1
   356  0078                     ?___lwmod:
   357  0078                     ___lwmod@divisor:	
   358                           ; 2 bytes @ 0x8
   359                           
   360                           
   361                           ; 2 bytes @ 0x8
   362  0078                     	ds	2
   363  007A                     ___lwmod@dividend:
   364                           
   365                           ; 2 bytes @ 0xA
   366  007A                     	ds	2
   367  007C                     ??___lwmod:
   368                           
   369                           ; 1 bytes @ 0xC
   370  007C                     	ds	1
   371  007D                     ___lwmod@counter:
   372                           
   373                           ; 1 bytes @ 0xD
   374  007D                     	ds	1
   375                           
   376                           	psect	cstackBANK0
   377  0034                     __pcstackBANK0:
   378  0034                     ??_isr:
   379                           
   380                           ; 1 bytes @ 0x0
   381  0034                     	ds	2
   382  0036                     ??_setup:
   383  0036                     ??_main:	
   384                           ; 1 bytes @ 0x2
   385                           
   386                           
   387                           ; 1 bytes @ 0x2
   388  0036                     	ds	2
   389                           
   390                           	psect	maintext
   391  0092                     __pmaintext:	
   392 ;;
   393 ;;Main: autosize = 0, tempsize = 2, incstack = 0, save=0
   394 ;;
   395 ;; *************** function _main *****************
   396 ;; Defined at:
   397 ;;		line 86 in file "main_lab8.c"
   398 ;; Parameters:    Size  Location     Type
   399 ;;		None
   400 ;; Auto vars:     Size  Location     Type
   401 ;;		None
   402 ;; Return value:  Size  Location     Type
   403 ;;                  1    wreg      void 
   404 ;; Registers used:
   405 ;;		wreg, fsr0l, fsr0h, status,2, status,0, pclath, cstack
   406 ;; Tracked objects:
   407 ;;		On entry : B00/0
   408 ;;		On exit  : 0/0
   409 ;;		Unchanged: 0/0
   410 ;; Data sizes:     COMMON   BANK0   BANK1   BANK3   BANK2
   411 ;;      Params:         0       0       0       0       0
   412 ;;      Locals:         0       0       0       0       0
   413 ;;      Temps:          0       2       0       0       0
   414 ;;      Totals:         0       2       0       0       0
   415 ;;Total ram usage:        2 bytes
   416 ;; Hardware stack levels required when called:    3
   417 ;; This function calls:
   418 ;;		_setup
   419 ;; This function is called by:
   420 ;;		Startup code after reset
   421 ;; This function uses a non-reentrant model
   422 ;;
   423                           
   424                           
   425                           ;psect for function _main
   426  0092                     _main:
   427  0092                     l885:	
   428                           ;incstack = 0
   429                           ; Regs used in _main: [wreg-fsr0h+status,2+status,0+pclath+cstack]
   430                           
   431                           
   432                           ;main_lab8.c: 88:     setup();
   433  0092  120A  118A  2157  120A  118A  	fcall	_setup
   434  0097                     l887:
   435                           
   436                           ;main_lab8.c: 94:     {;main_lab8.c: 96:         PORTC = nums_displays[a];
   437  0097  1283               	bcf	3,5	;RP0=0, select bank0
   438  0098  1303               	bcf	3,6	;RP1=0, select bank0
   439  0099  0828               	movf	_a,w
   440  009A  3E2A               	addlw	(low (_nums_displays| 0))& (0+255)
   441  009B  0084               	movwf	4
   442  009C  1383               	bcf	3,7	;select IRP bank0
   443  009D  0800               	movf	0,w
   444  009E  0087               	movwf	7	;volatile
   445  009F                     l889:
   446                           
   447                           ;main_lab8.c: 97:         PORTEbits.RE0 = 1;
   448  009F  1409               	bsf	9,0	;volatile
   449  00A0                     l891:
   450                           
   451                           ;main_lab8.c: 98:         _delay((unsigned long)((10)*(4000000/4000.0)));
   452  00A0  300D               	movlw	13
   453  00A1  1283               	bcf	3,5	;RP0=0, select bank0
   454  00A2  1303               	bcf	3,6	;RP1=0, select bank0
   455  00A3  00B7               	movwf	??_main+1
   456  00A4  30FB               	movlw	251
   457  00A5  00B6               	movwf	??_main
   458  00A6                     u297:
   459  00A6  0BB6               	decfsz	??_main,f
   460  00A7  28A6               	goto	u297
   461  00A8  0BB7               	decfsz	??_main+1,f
   462  00A9  28A6               	goto	u297
   463  00AA                     l893:
   464                           
   465                           ;main_lab8.c: 99:         PORTEbits.RE0 = 0;
   466  00AA  1283               	bcf	3,5	;RP0=0, select bank0
   467  00AB  1303               	bcf	3,6	;RP1=0, select bank0
   468  00AC  1009               	bcf	9,0	;volatile
   469  00AD                     l895:
   470                           
   471                           ;main_lab8.c: 101:         PORTC = nums_displays[b];
   472  00AD  0826               	movf	_b,w
   473  00AE  3E2A               	addlw	(low (_nums_displays| 0))& (0+255)
   474  00AF  0084               	movwf	4
   475  00B0  1383               	bcf	3,7	;select IRP bank0
   476  00B1  0800               	movf	0,w
   477  00B2  0087               	movwf	7	;volatile
   478  00B3                     l897:
   479                           
   480                           ;main_lab8.c: 102:         PORTEbits.RE1 = 1;
   481  00B3  1489               	bsf	9,1	;volatile
   482  00B4                     l899:
   483                           
   484                           ;main_lab8.c: 103:         _delay((unsigned long)((10)*(4000000/4000.0)));
   485  00B4  300D               	movlw	13
   486  00B5  1283               	bcf	3,5	;RP0=0, select bank0
   487  00B6  1303               	bcf	3,6	;RP1=0, select bank0
   488  00B7  00B7               	movwf	??_main+1
   489  00B8  30FB               	movlw	251
   490  00B9  00B6               	movwf	??_main
   491  00BA                     u307:
   492  00BA  0BB6               	decfsz	??_main,f
   493  00BB  28BA               	goto	u307
   494  00BC  0BB7               	decfsz	??_main+1,f
   495  00BD  28BA               	goto	u307
   496  00BE                     l901:
   497                           
   498                           ;main_lab8.c: 104:         PORTEbits.RE1 = 0;
   499  00BE  1283               	bcf	3,5	;RP0=0, select bank0
   500  00BF  1303               	bcf	3,6	;RP1=0, select bank0
   501  00C0  1089               	bcf	9,1	;volatile
   502  00C1                     l903:
   503                           
   504                           ;main_lab8.c: 106:         PORTC = nums_displays[c];
   505  00C1  0824               	movf	_c,w
   506  00C2  3E2A               	addlw	(low (_nums_displays| 0))& (0+255)
   507  00C3  0084               	movwf	4
   508  00C4  1383               	bcf	3,7	;select IRP bank0
   509  00C5  0800               	movf	0,w
   510  00C6  0087               	movwf	7	;volatile
   511  00C7                     l905:
   512                           
   513                           ;main_lab8.c: 107:         PORTEbits.RE2 = 1;
   514  00C7  1509               	bsf	9,2	;volatile
   515  00C8                     l907:
   516                           
   517                           ;main_lab8.c: 108:         _delay((unsigned long)((10)*(4000000/4000.0)));
   518  00C8  300D               	movlw	13
   519  00C9  1283               	bcf	3,5	;RP0=0, select bank0
   520  00CA  1303               	bcf	3,6	;RP1=0, select bank0
   521  00CB  00B7               	movwf	??_main+1
   522  00CC  30FB               	movlw	251
   523  00CD  00B6               	movwf	??_main
   524  00CE                     u317:
   525  00CE  0BB6               	decfsz	??_main,f
   526  00CF  28CE               	goto	u317
   527  00D0  0BB7               	decfsz	??_main+1,f
   528  00D1  28CE               	goto	u317
   529  00D2                     l909:
   530                           
   531                           ;main_lab8.c: 109:         PORTEbits.RE2 = 0;
   532  00D2  1283               	bcf	3,5	;RP0=0, select bank0
   533  00D3  1303               	bcf	3,6	;RP1=0, select bank0
   534  00D4  1109               	bcf	9,2	;volatile
   535  00D5  2897               	goto	l887
   536  00D6  120A  118A  280E   	ljmp	start
   537  00D9                     __end_of_main:
   538                           
   539                           	psect	text1
   540  0157                     __ptext1:	
   541 ;; *************** function _setup *****************
   542 ;; Defined at:
   543 ;;		line 118 in file "main_lab8.c"
   544 ;; Parameters:    Size  Location     Type
   545 ;;		None
   546 ;; Auto vars:     Size  Location     Type
   547 ;;		None
   548 ;; Return value:  Size  Location     Type
   549 ;;                  1    wreg      void 
   550 ;; Registers used:
   551 ;;		wreg, status,2
   552 ;; Tracked objects:
   553 ;;		On entry : 0/0
   554 ;;		On exit  : 0/0
   555 ;;		Unchanged: 0/0
   556 ;; Data sizes:     COMMON   BANK0   BANK1   BANK3   BANK2
   557 ;;      Params:         0       0       0       0       0
   558 ;;      Locals:         0       0       0       0       0
   559 ;;      Temps:          0       0       0       0       0
   560 ;;      Totals:         0       0       0       0       0
   561 ;;Total ram usage:        0 bytes
   562 ;; Hardware stack levels used:    1
   563 ;; Hardware stack levels required when called:    2
   564 ;; This function calls:
   565 ;;		Nothing
   566 ;; This function is called by:
   567 ;;		_main
   568 ;; This function uses a non-reentrant model
   569 ;;
   570                           
   571                           
   572                           ;psect for function _setup
   573  0157                     _setup:
   574  0157                     l783:	
   575                           ;incstack = 0
   576                           ; Regs used in _setup: [wreg+status,2]
   577                           
   578                           
   579                           ;main_lab8.c: 121:     ANSEL = 0X00;
   580  0157  1683               	bsf	3,5	;RP0=1, select bank3
   581  0158  1703               	bsf	3,6	;RP1=1, select bank3
   582  0159  0188               	clrf	8	;volatile
   583                           
   584                           ;main_lab8.c: 122:     ANSELH = 0X00;
   585  015A  0189               	clrf	9	;volatile
   586                           
   587                           ;main_lab8.c: 125:     TRISA = 0X00;
   588  015B  1683               	bsf	3,5	;RP0=1, select bank1
   589  015C  1303               	bcf	3,6	;RP1=0, select bank1
   590  015D  0185               	clrf	5	;volatile
   591  015E                     l785:
   592                           
   593                           ;main_lab8.c: 126:     TRISB = 0b0000011;
   594  015E  3003               	movlw	3
   595  015F  0086               	movwf	6	;volatile
   596  0160                     l787:
   597                           
   598                           ;main_lab8.c: 127:     TRISC = 0X00;
   599  0160  0187               	clrf	7	;volatile
   600  0161                     l789:
   601                           
   602                           ;main_lab8.c: 128:     TRISE = 0x00;
   603  0161  0189               	clrf	9	;volatile
   604  0162                     l791:
   605                           
   606                           ;main_lab8.c: 130:     PORTA = 0X00;
   607  0162  1283               	bcf	3,5	;RP0=0, select bank0
   608  0163  1303               	bcf	3,6	;RP1=0, select bank0
   609  0164  0185               	clrf	5	;volatile
   610                           
   611                           ;main_lab8.c: 131:     PORTB = 0b00000011;
   612  0165  3003               	movlw	3
   613  0166  0086               	movwf	6	;volatile
   614  0167                     l793:
   615                           
   616                           ;main_lab8.c: 132:     PORTC = 0X00;
   617  0167  0187               	clrf	7	;volatile
   618  0168                     l795:
   619                           
   620                           ;main_lab8.c: 133:     PORTE = 0x00;
   621  0168  0189               	clrf	9	;volatile
   622  0169                     l797:
   623                           
   624                           ;main_lab8.c: 136:     OSCCONbits.IRCF2=1;
   625  0169  1683               	bsf	3,5	;RP0=1, select bank1
   626  016A  1303               	bcf	3,6	;RP1=0, select bank1
   627  016B  170F               	bsf	15,6	;volatile
   628  016C                     l799:
   629                           
   630                           ;main_lab8.c: 137:     OSCCONbits.IRCF1=1;
   631  016C  168F               	bsf	15,5	;volatile
   632  016D                     l801:
   633                           
   634                           ;main_lab8.c: 138:     OSCCONbits.IRCF0=0;
   635  016D  120F               	bcf	15,4	;volatile
   636  016E                     l803:
   637                           
   638                           ;main_lab8.c: 139:     OSCCONbits.SCS=1;
   639  016E  140F               	bsf	15,0	;volatile
   640  016F                     l805:
   641                           
   642                           ;main_lab8.c: 142:     OPTION_REGbits.T0CS=0;
   643  016F  1281               	bcf	1,5	;volatile
   644  0170                     l807:
   645                           
   646                           ;main_lab8.c: 143:     OPTION_REGbits.PSA=0;
   647  0170  1181               	bcf	1,3	;volatile
   648  0171                     l809:
   649                           
   650                           ;main_lab8.c: 144:     OPTION_REGbits.PS2=1;
   651  0171  1501               	bsf	1,2	;volatile
   652  0172                     l811:
   653                           
   654                           ;main_lab8.c: 145:     OPTION_REGbits.PS1=1;
   655  0172  1481               	bsf	1,1	;volatile
   656  0173                     l813:
   657                           
   658                           ;main_lab8.c: 146:     OPTION_REGbits.PS0=1;
   659  0173  1401               	bsf	1,0	;volatile
   660  0174                     l815:
   661                           
   662                           ;main_lab8.c: 150:     INTCONbits.GIE=1;
   663  0174  178B               	bsf	11,7	;volatile
   664  0175                     l817:
   665                           
   666                           ;main_lab8.c: 151:     INTCONbits.T0IE=1;
   667  0175  168B               	bsf	11,5	;volatile
   668  0176                     l819:
   669                           
   670                           ;main_lab8.c: 152:     INTCONbits.TMR0IF=0;
   671  0176  110B               	bcf	11,2	;volatile
   672  0177                     l821:
   673                           
   674                           ;main_lab8.c: 153:     INTCONbits.TMR0IE=1;
   675  0177  168B               	bsf	11,5	;volatile
   676  0178                     l823:
   677                           
   678                           ;main_lab8.c: 154:     INTCONbits.RBIF=0;
   679  0178  100B               	bcf	11,0	;volatile
   680  0179                     l63:
   681  0179  0008               	return
   682  017A                     __end_of_setup:
   683                           
   684                           	psect	text2
   685  002D                     __ptext2:	
   686 ;; *************** function _isr *****************
   687 ;; Defined at:
   688 ;;		line 69 in file "main_lab8.c"
   689 ;; Parameters:    Size  Location     Type
   690 ;;		None
   691 ;; Auto vars:     Size  Location     Type
   692 ;;		None
   693 ;; Return value:  Size  Location     Type
   694 ;;                  1    wreg      void 
   695 ;; Registers used:
   696 ;;		wreg, status,2, status,0, pclath, cstack
   697 ;; Tracked objects:
   698 ;;		On entry : 0/0
   699 ;;		On exit  : 0/0
   700 ;;		Unchanged: 0/0
   701 ;; Data sizes:     COMMON   BANK0   BANK1   BANK3   BANK2
   702 ;;      Params:         0       0       0       0       0
   703 ;;      Locals:         0       0       0       0       0
   704 ;;      Temps:          0       2       0       0       0
   705 ;;      Totals:         0       2       0       0       0
   706 ;;Total ram usage:        2 bytes
   707 ;; Hardware stack levels used:    1
   708 ;; Hardware stack levels required when called:    1
   709 ;; This function calls:
   710 ;;		___lwdiv
   711 ;;		___lwmod
   712 ;; This function is called by:
   713 ;;		Interrupt level 1
   714 ;; This function uses a non-reentrant model
   715 ;;
   716                           
   717                           
   718                           ;psect for function _isr
   719  002D                     _isr:
   720  002D                     i1l873:
   721                           
   722                           ;main_lab8.c: 71:     if (T0IF==1)
   723  002D  1D0B               	btfss	11,2	;volatile
   724  002E  2830               	goto	u28_21
   725  002F  2831               	goto	u28_20
   726  0030                     u28_21:
   727  0030  288B               	goto	i1l52
   728  0031                     u28_20:
   729  0031                     i1l875:
   730                           
   731                           ;main_lab8.c: 72:     {;main_lab8.c: 73:         muxeo ++ ;
   732  0031  3001               	movlw	1
   733  0032  07A0               	addwf	_muxeo,f
   734  0033  1803               	skipnc
   735  0034  0AA1               	incf	_muxeo+1,f
   736  0035  3000               	movlw	0
   737  0036  07A1               	addwf	_muxeo+1,f
   738  0037                     i1l877:
   739                           
   740                           ;main_lab8.c: 74:         a = ((contador/100)%10) ;
   741  0037  300A               	movlw	10
   742  0038  00F8               	movwf	___lwmod@divisor
   743  0039  3000               	movlw	0
   744  003A  00F9               	movwf	___lwmod@divisor+1
   745  003B  3064               	movlw	100
   746  003C  00F0               	movwf	___lwdiv@divisor
   747  003D  3000               	movlw	0
   748  003E  00F1               	movwf	___lwdiv@divisor+1
   749  003F  0823               	movf	_contador+1,w
   750  0040  00F3               	movwf	___lwdiv@dividend+1
   751  0041  0822               	movf	_contador,w
   752  0042  00F2               	movwf	___lwdiv@dividend
   753  0043  120A  118A  20D9  120A  118A  	fcall	___lwdiv
   754  0048  0871               	movf	?___lwdiv+1,w
   755  0049  00FB               	movwf	___lwmod@dividend+1
   756  004A  0870               	movf	?___lwdiv,w
   757  004B  00FA               	movwf	___lwmod@dividend
   758  004C  120A  118A  211D  120A  118A  	fcall	___lwmod
   759  0051  0879               	movf	?___lwmod+1,w
   760  0052  1283               	bcf	3,5	;RP0=0, select bank0
   761  0053  1303               	bcf	3,6	;RP1=0, select bank0
   762  0054  00A9               	movwf	_a+1
   763  0055  0878               	movf	?___lwmod,w
   764  0056  00A8               	movwf	_a
   765  0057                     i1l879:
   766                           
   767                           ;main_lab8.c: 75:         b = ((contador/10)%10) ;
   768  0057  300A               	movlw	10
   769  0058  00F8               	movwf	___lwmod@divisor
   770  0059  3000               	movlw	0
   771  005A  00F9               	movwf	___lwmod@divisor+1
   772  005B  300A               	movlw	10
   773  005C  00F0               	movwf	___lwdiv@divisor
   774  005D  3000               	movlw	0
   775  005E  00F1               	movwf	___lwdiv@divisor+1
   776  005F  0823               	movf	_contador+1,w
   777  0060  00F3               	movwf	___lwdiv@dividend+1
   778  0061  0822               	movf	_contador,w
   779  0062  00F2               	movwf	___lwdiv@dividend
   780  0063  120A  118A  20D9  120A  118A  	fcall	___lwdiv
   781  0068  0871               	movf	?___lwdiv+1,w
   782  0069  00FB               	movwf	___lwmod@dividend+1
   783  006A  0870               	movf	?___lwdiv,w
   784  006B  00FA               	movwf	___lwmod@dividend
   785  006C  120A  118A  211D  120A  118A  	fcall	___lwmod
   786  0071  0879               	movf	?___lwmod+1,w
   787  0072  1283               	bcf	3,5	;RP0=0, select bank0
   788  0073  1303               	bcf	3,6	;RP1=0, select bank0
   789  0074  00A7               	movwf	_b+1
   790  0075  0878               	movf	?___lwmod,w
   791  0076  00A6               	movwf	_b
   792  0077                     i1l881:
   793                           
   794                           ;main_lab8.c: 76:         c = (contador%10) ;
   795  0077  300A               	movlw	10
   796  0078  00F8               	movwf	___lwmod@divisor
   797  0079  3000               	movlw	0
   798  007A  00F9               	movwf	___lwmod@divisor+1
   799  007B  0823               	movf	_contador+1,w
   800  007C  00FB               	movwf	___lwmod@dividend+1
   801  007D  0822               	movf	_contador,w
   802  007E  00FA               	movwf	___lwmod@dividend
   803  007F  120A  118A  211D  120A  118A  	fcall	___lwmod
   804  0084  0879               	movf	?___lwmod+1,w
   805  0085  1283               	bcf	3,5	;RP0=0, select bank0
   806  0086  1303               	bcf	3,6	;RP1=0, select bank0
   807  0087  00A5               	movwf	_c+1
   808  0088  0878               	movf	?___lwmod,w
   809  0089  00A4               	movwf	_c
   810  008A                     i1l883:
   811                           
   812                           ;main_lab8.c: 77:         T0IF=0;
   813  008A  110B               	bcf	11,2	;volatile
   814  008B                     i1l52:
   815  008B  0835               	movf	??_isr+1,w
   816  008C  008A               	movwf	10
   817  008D  0E34               	swapf	??_isr,w
   818  008E  0083               	movwf	3
   819  008F  0EFE               	swapf	btemp,f
   820  0090  0E7E               	swapf	btemp,w
   821  0091  0009               	retfie
   822  0092                     __end_of_isr:
   823                           
   824                           	psect	intentry
   825  0004                     __pintentry:	
   826                           ;incstack = 0
   827                           ; Regs used in _isr: [wreg+status,2+status,0+pclath+cstack]
   828                           
   829  0004                     interrupt_function:
   830  007E                     saved_w	set	btemp
   831  0004  00FE               	movwf	btemp
   832  0005  0E03               	swapf	3,w
   833  0006  1283               	bcf	3,5	;RP0=0, select bank0
   834  0007  1303               	bcf	3,6	;RP1=0, select bank0
   835  0008  00B4               	movwf	??_isr
   836  0009  080A               	movf	10,w
   837  000A  00B5               	movwf	??_isr+1
   838  000B  120A  118A  282D   	ljmp	_isr
   839                           
   840                           	psect	text3
   841  011D                     __ptext3:	
   842 ;; *************** function ___lwmod *****************
   843 ;; Defined at:
   844 ;;		line 5 in file "C:\Program Files\Microchip\xc8\v2.31\pic\sources\c90\common\lwmod.c"
   845 ;; Parameters:    Size  Location     Type
   846 ;;  divisor         2    8[COMMON] unsigned int 
   847 ;;  dividend        2   10[COMMON] unsigned int 
   848 ;; Auto vars:     Size  Location     Type
   849 ;;  counter         1   13[COMMON] unsigned char 
   850 ;; Return value:  Size  Location     Type
   851 ;;                  2    8[COMMON] unsigned int 
   852 ;; Registers used:
   853 ;;		wreg, status,2, status,0
   854 ;; Tracked objects:
   855 ;;		On entry : 0/0
   856 ;;		On exit  : 0/0
   857 ;;		Unchanged: 0/0
   858 ;; Data sizes:     COMMON   BANK0   BANK1   BANK3   BANK2
   859 ;;      Params:         4       0       0       0       0
   860 ;;      Locals:         1       0       0       0       0
   861 ;;      Temps:          1       0       0       0       0
   862 ;;      Totals:         6       0       0       0       0
   863 ;;Total ram usage:        6 bytes
   864 ;; Hardware stack levels used:    1
   865 ;; This function calls:
   866 ;;		Nothing
   867 ;; This function is called by:
   868 ;;		_isr
   869 ;; This function uses a non-reentrant model
   870 ;;
   871                           
   872                           
   873                           ;psect for function ___lwmod
   874  011D                     ___lwmod:
   875  011D                     i1l851:	
   876                           ;incstack = 0
   877                           ; Regs used in ___lwmod: [wreg+status,2+status,0]
   878                           
   879  011D  0878               	movf	___lwmod@divisor,w
   880  011E  0479               	iorwf	___lwmod@divisor+1,w
   881  011F  1903               	btfsc	3,2
   882  0120  2922               	goto	u22_21
   883  0121  2923               	goto	u22_20
   884  0122                     u22_21:
   885  0122  2952               	goto	i1l869
   886  0123                     u22_20:
   887  0123                     i1l853:
   888  0123  01FD               	clrf	___lwmod@counter
   889  0124  0AFD               	incf	___lwmod@counter,f
   890  0125  2931               	goto	i1l859
   891  0126                     i1l855:
   892  0126  3001               	movlw	1
   893  0127                     u23_25:
   894  0127  1003               	clrc
   895  0128  0DF8               	rlf	___lwmod@divisor,f
   896  0129  0DF9               	rlf	___lwmod@divisor+1,f
   897  012A  3EFF               	addlw	-1
   898  012B  1D03               	skipz
   899  012C  2927               	goto	u23_25
   900  012D                     i1l857:
   901  012D  3001               	movlw	1
   902  012E  00FC               	movwf	??___lwmod
   903  012F  087C               	movf	??___lwmod,w
   904  0130  07FD               	addwf	___lwmod@counter,f
   905  0131                     i1l859:
   906  0131  1FF9               	btfss	___lwmod@divisor+1,7
   907  0132  2934               	goto	u24_21
   908  0133  2935               	goto	u24_20
   909  0134                     u24_21:
   910  0134  2926               	goto	i1l855
   911  0135                     u24_20:
   912  0135                     i1l861:
   913  0135  0879               	movf	___lwmod@divisor+1,w
   914  0136  027B               	subwf	___lwmod@dividend+1,w
   915  0137  1D03               	skipz
   916  0138  293B               	goto	u25_25
   917  0139  0878               	movf	___lwmod@divisor,w
   918  013A  027A               	subwf	___lwmod@dividend,w
   919  013B                     u25_25:
   920  013B  1C03               	skipc
   921  013C  293E               	goto	u25_21
   922  013D  293F               	goto	u25_20
   923  013E                     u25_21:
   924  013E  2945               	goto	i1l865
   925  013F                     u25_20:
   926  013F                     i1l863:
   927  013F  0878               	movf	___lwmod@divisor,w
   928  0140  02FA               	subwf	___lwmod@dividend,f
   929  0141  0879               	movf	___lwmod@divisor+1,w
   930  0142  1C03               	skipc
   931  0143  03FB               	decf	___lwmod@dividend+1,f
   932  0144  02FB               	subwf	___lwmod@dividend+1,f
   933  0145                     i1l865:
   934  0145  3001               	movlw	1
   935  0146                     u26_25:
   936  0146  1003               	clrc
   937  0147  0CF9               	rrf	___lwmod@divisor+1,f
   938  0148  0CF8               	rrf	___lwmod@divisor,f
   939  0149  3EFF               	addlw	-1
   940  014A  1D03               	skipz
   941  014B  2946               	goto	u26_25
   942  014C                     i1l867:
   943  014C  3001               	movlw	1
   944  014D  02FD               	subwf	___lwmod@counter,f
   945  014E  1D03               	btfss	3,2
   946  014F  2951               	goto	u27_21
   947  0150  2952               	goto	u27_20
   948  0151                     u27_21:
   949  0151  2935               	goto	i1l861
   950  0152                     u27_20:
   951  0152                     i1l869:
   952  0152  087B               	movf	___lwmod@dividend+1,w
   953  0153  00F9               	movwf	?___lwmod+1
   954  0154  087A               	movf	___lwmod@dividend,w
   955  0155  00F8               	movwf	?___lwmod
   956  0156                     i1l431:
   957  0156  0008               	return
   958  0157                     __end_of___lwmod:
   959                           
   960                           	psect	text4
   961  00D9                     __ptext4:	
   962 ;; *************** function ___lwdiv *****************
   963 ;; Defined at:
   964 ;;		line 5 in file "C:\Program Files\Microchip\xc8\v2.31\pic\sources\c90\common\lwdiv.c"
   965 ;; Parameters:    Size  Location     Type
   966 ;;  divisor         2    0[COMMON] unsigned int 
   967 ;;  dividend        2    2[COMMON] unsigned int 
   968 ;; Auto vars:     Size  Location     Type
   969 ;;  quotient        2    5[COMMON] unsigned int 
   970 ;;  counter         1    7[COMMON] unsigned char 
   971 ;; Return value:  Size  Location     Type
   972 ;;                  2    0[COMMON] unsigned int 
   973 ;; Registers used:
   974 ;;		wreg, status,2, status,0
   975 ;; Tracked objects:
   976 ;;		On entry : 0/0
   977 ;;		On exit  : 0/0
   978 ;;		Unchanged: 0/0
   979 ;; Data sizes:     COMMON   BANK0   BANK1   BANK3   BANK2
   980 ;;      Params:         4       0       0       0       0
   981 ;;      Locals:         3       0       0       0       0
   982 ;;      Temps:          1       0       0       0       0
   983 ;;      Totals:         8       0       0       0       0
   984 ;;Total ram usage:        8 bytes
   985 ;; Hardware stack levels used:    1
   986 ;; This function calls:
   987 ;;		Nothing
   988 ;; This function is called by:
   989 ;;		_isr
   990 ;; This function uses a non-reentrant model
   991 ;;
   992                           
   993                           
   994                           ;psect for function ___lwdiv
   995  00D9                     ___lwdiv:
   996  00D9                     i1l825:	
   997                           ;incstack = 0
   998                           ; Regs used in ___lwdiv: [wreg+status,2+status,0]
   999                           
  1000  00D9  01F5               	clrf	___lwdiv@quotient
  1001  00DA  01F6               	clrf	___lwdiv@quotient+1
  1002  00DB                     i1l827:
  1003  00DB  0870               	movf	___lwdiv@divisor,w
  1004  00DC  0471               	iorwf	___lwdiv@divisor+1,w
  1005  00DD  1903               	btfsc	3,2
  1006  00DE  28E0               	goto	u15_21
  1007  00DF  28E1               	goto	u15_20
  1008  00E0                     u15_21:
  1009  00E0  2918               	goto	i1l847
  1010  00E1                     u15_20:
  1011  00E1                     i1l829:
  1012  00E1  01F7               	clrf	___lwdiv@counter
  1013  00E2  0AF7               	incf	___lwdiv@counter,f
  1014  00E3  28EF               	goto	i1l835
  1015  00E4                     i1l831:
  1016  00E4  3001               	movlw	1
  1017  00E5                     u16_25:
  1018  00E5  1003               	clrc
  1019  00E6  0DF0               	rlf	___lwdiv@divisor,f
  1020  00E7  0DF1               	rlf	___lwdiv@divisor+1,f
  1021  00E8  3EFF               	addlw	-1
  1022  00E9  1D03               	skipz
  1023  00EA  28E5               	goto	u16_25
  1024  00EB                     i1l833:
  1025  00EB  3001               	movlw	1
  1026  00EC  00F4               	movwf	??___lwdiv
  1027  00ED  0874               	movf	??___lwdiv,w
  1028  00EE  07F7               	addwf	___lwdiv@counter,f
  1029  00EF                     i1l835:
  1030  00EF  1FF1               	btfss	___lwdiv@divisor+1,7
  1031  00F0  28F2               	goto	u17_21
  1032  00F1  28F3               	goto	u17_20
  1033  00F2                     u17_21:
  1034  00F2  28E4               	goto	i1l831
  1035  00F3                     u17_20:
  1036  00F3                     i1l837:
  1037  00F3  3001               	movlw	1
  1038  00F4                     u18_25:
  1039  00F4  1003               	clrc
  1040  00F5  0DF5               	rlf	___lwdiv@quotient,f
  1041  00F6  0DF6               	rlf	___lwdiv@quotient+1,f
  1042  00F7  3EFF               	addlw	-1
  1043  00F8  1D03               	skipz
  1044  00F9  28F4               	goto	u18_25
  1045  00FA  0871               	movf	___lwdiv@divisor+1,w
  1046  00FB  0273               	subwf	___lwdiv@dividend+1,w
  1047  00FC  1D03               	skipz
  1048  00FD  2900               	goto	u19_25
  1049  00FE  0870               	movf	___lwdiv@divisor,w
  1050  00FF  0272               	subwf	___lwdiv@dividend,w
  1051  0100                     u19_25:
  1052  0100  1C03               	skipc
  1053  0101  2903               	goto	u19_21
  1054  0102  2904               	goto	u19_20
  1055  0103                     u19_21:
  1056  0103  290B               	goto	i1l843
  1057  0104                     u19_20:
  1058  0104                     i1l839:
  1059  0104  0870               	movf	___lwdiv@divisor,w
  1060  0105  02F2               	subwf	___lwdiv@dividend,f
  1061  0106  0871               	movf	___lwdiv@divisor+1,w
  1062  0107  1C03               	skipc
  1063  0108  03F3               	decf	___lwdiv@dividend+1,f
  1064  0109  02F3               	subwf	___lwdiv@dividend+1,f
  1065  010A                     i1l841:
  1066  010A  1475               	bsf	___lwdiv@quotient,0
  1067  010B                     i1l843:
  1068  010B  3001               	movlw	1
  1069  010C                     u20_25:
  1070  010C  1003               	clrc
  1071  010D  0CF1               	rrf	___lwdiv@divisor+1,f
  1072  010E  0CF0               	rrf	___lwdiv@divisor,f
  1073  010F  3EFF               	addlw	-1
  1074  0110  1D03               	skipz
  1075  0111  290C               	goto	u20_25
  1076  0112                     i1l845:
  1077  0112  3001               	movlw	1
  1078  0113  02F7               	subwf	___lwdiv@counter,f
  1079  0114  1D03               	btfss	3,2
  1080  0115  2917               	goto	u21_21
  1081  0116  2918               	goto	u21_20
  1082  0117                     u21_21:
  1083  0117  28F3               	goto	i1l837
  1084  0118                     u21_20:
  1085  0118                     i1l847:
  1086  0118  0876               	movf	___lwdiv@quotient+1,w
  1087  0119  00F1               	movwf	?___lwdiv+1
  1088  011A  0875               	movf	___lwdiv@quotient,w
  1089  011B  00F0               	movwf	?___lwdiv
  1090  011C                     i1l421:
  1091  011C  0008               	return
  1092  011D                     __end_of___lwdiv:
  1093  007E                     btemp	set	126	;btemp
  1094  007E                     wtemp0	set	126
  1095                           
  1096                           	psect	config
  1097                           
  1098                           ;Config register CONFIG1 @ 0x2007
  1099                           ;	Oscillator Selection bits
  1100                           ;	FOSC = INTRC_NOCLKOUT, INTOSCIO oscillator: I/O function on RA6/OSC2/CLKOUT pin, I/O f
      +                          unction on RA7/OSC1/CLKIN
  1101                           ;	Watchdog Timer Enable bit
  1102                           ;	WDTE = OFF, WDT disabled and can be enabled by SWDTEN bit of the WDTCON register
  1103                           ;	Power-up Timer Enable bit
  1104                           ;	PWRTE = OFF, PWRT disabled
  1105                           ;	RE3/MCLR pin function select bit
  1106                           ;	MCLRE = OFF, RE3/MCLR pin function is digital input, MCLR internally tied to VDD
  1107                           ;	Code Protection bit
  1108                           ;	CP = OFF, Program memory code protection is disabled
  1109                           ;	Data Code Protection bit
  1110                           ;	CPD = OFF, Data memory code protection is disabled
  1111                           ;	Brown Out Reset Selection bits
  1112                           ;	BOREN = OFF, BOR disabled
  1113                           ;	Internal External Switchover bit
  1114                           ;	IESO = OFF, Internal/External Switchover mode is disabled
  1115                           ;	Fail-Safe Clock Monitor Enabled bit
  1116                           ;	FCMEN = OFF, Fail-Safe Clock Monitor is disabled
  1117                           ;	Low Voltage Programming Enable bit
  1118                           ;	LVP = ON, RB3/PGM pin has PGM function, low voltage programming enabled
  1119                           ;	In-Circuit Debugger Mode bit
  1120                           ;	DEBUG = 0x1, unprogrammed default
  1121  2007                     	org	8199
  1122  2007  30D4               	dw	12500
  1123                           
  1124                           ;Config register CONFIG2 @ 0x2008
  1125                           ;	Brown-out Reset Selection bit
  1126                           ;	BOR4V = BOR40V, Brown-out Reset set to 4.0V
  1127                           ;	Flash Program Memory Self Write Enable bits
  1128                           ;	WRT = OFF, Write protection off
  1129  2008                     	org	8200
  1130  2008  3FFF               	dw	16383

Data Sizes:
    Strings     0
    Constant    0
    Data        10
    BSS         10
    Persistent  0
    Stack       0

Auto Spaces:
    Space          Size  Autos    Used
    COMMON           14     14      14
    BANK0            80      4      24
    BANK1            80      0       0
    BANK3            96      0       0
    BANK2            96      0       0

Pointer List with Targets:

    None.

Critical Paths under _main in COMMON

    None.

Critical Paths under _isr in COMMON

    _isr->___lwmod
    ___lwmod->___lwdiv

Critical Paths under _main in BANK0

    None.

Critical Paths under _isr in BANK0

    None.

Critical Paths under _main in BANK1

    None.

Critical Paths under _isr in BANK1

    None.

Critical Paths under _main in BANK3

    None.

Critical Paths under _isr in BANK3

    None.

Critical Paths under _main in BANK2

    None.

Critical Paths under _isr in BANK2

    None.

Call Graph Tables:

 ---------------------------------------------------------------------------------
 (Depth) Function   	        Calls       Base Space   Used Autos Params    Refs
 ---------------------------------------------------------------------------------
 (0) _main                                                 2     2      0       0
                                              2 BANK0      2     2      0
                              _setup
 ---------------------------------------------------------------------------------
 (1) _setup                                                0     0      0       0
 ---------------------------------------------------------------------------------
 Estimated maximum stack depth 1
 ---------------------------------------------------------------------------------
 (Depth) Function   	        Calls       Base Space   Used Autos Params    Refs
 ---------------------------------------------------------------------------------
 (2) _isr                                                  2     2      0    1081
                                              0 BANK0      2     2      0
                            ___lwdiv
                            ___lwmod
 ---------------------------------------------------------------------------------
 (3) ___lwmod                                              6     2      4     615
                                              8 COMMON     6     2      4
                            ___lwdiv (ARG)
 ---------------------------------------------------------------------------------
 (3) ___lwdiv                                              8     4      4     466
                                              0 COMMON     8     4      4
 ---------------------------------------------------------------------------------
 Estimated maximum stack depth 3
 ---------------------------------------------------------------------------------

 Call Graph Graphs:

 _main (ROOT)
   _setup

 _isr (ROOT)
   ___lwdiv
   ___lwmod
     ___lwdiv (ARG)

 Address spaces:
Name               Size   Autos  Total    Cost      Usage
BANK3               60      0       0       9        0.0%
BITBANK3            60      0       0       8        0.0%
SFR3                 0      0       0       4        0.0%
BITSFR3              0      0       0       4        0.0%
BANK2               60      0       0      11        0.0%
BITBANK2            60      0       0      10        0.0%
SFR2                 0      0       0       5        0.0%
BITSFR2              0      0       0       5        0.0%
BANK1               50      0       0       7        0.0%
BITBANK1            50      0       0       6        0.0%
SFR1                 0      0       0       2        0.0%
BITSFR1              0      0       0       2        0.0%
BANK0               50      4      18       5       30.0%
BITBANK0            50      0       0       4        0.0%
SFR0                 0      0       0       1        0.0%
BITSFR0              0      0       0       1        0.0%
COMMON               E      E       E       1      100.0%
BITCOMMON            E      0       0       0        0.0%
CODE                 0      0       0       0        0.0%
DATA                 0      0      26      12        0.0%
ABS                  0      0      26       3        0.0%
NULL                 0      0       0       0        0.0%
STACK                0      0       0       2        0.0%
EEDATA             100      0       0       0        0.0%


Microchip Technology PIC Macro Assembler V2.31 build 20201012212115 
Symbol Table                                                                                   Mon Apr 19 23:44:25 2021

                      _a 0028                        _b 0026                        _c 0024  
                      pc 0002                       l63 0179                       fsr 0004  
                    l801 016D                      l811 0172                      l803 016E  
                    l821 0177                      l813 0173                      l805 016F  
                    l901 00BE                      l823 0178                      l815 0174  
                    l807 0170                      l903 00C1                      l817 0175  
                    l809 0171                      l905 00C7                      l819 0176  
                    l907 00C8                      l909 00D2                      l791 0162  
                    l783 0157                      l793 0167                      l785 015E  
                    l795 0168                      l787 0160                      l891 00A0  
                    l797 0169                      l789 0161                      l893 00AA  
                    l885 0092                      l799 016C                      l895 00AD  
                    l887 0097                      l897 00B3                      l889 009F  
                    l899 00B4                      u307 00BA                      u317 00CE  
                    u297 00A6                      _isr 002D                      fsr0 0004  
                    indf 0000                     ?_isr 0070                     _T0IF 005A  
                   i1l52 008B                     _main 0092                     btemp 007E  
                   start 000E                    ??_isr 0034                    ?_main 0070  
                  _ANSEL 0188          __end_of___lwdiv 011D                    i1l421 011C  
                  i1l431 0156          __end_of___lwmod 0157                    i1l831 00E4  
                  i1l841 010A                    i1l833 00EB                    i1l825 00D9  
                  i1l843 010B                    i1l835 00EF                    i1l827 00DB  
                  i1l851 011D                    i1l845 0112                    i1l837 00F3  
                  i1l829 00E1                    i1l861 0135                    i1l853 0123  
                  i1l839 0104                    i1l847 0118                    i1l863 013F  
                  i1l855 0126                    i1l865 0145                    i1l857 012D  
                  i1l881 0077                    i1l873 002D                    i1l867 014C  
                  i1l859 0131                    i1l883 008A                    i1l875 0031  
                  i1l869 0152                    i1l877 0037                    i1l879 0057  
                  u20_25 010C                    u21_20 0118                    u21_21 0117  
                  u22_20 0123                    u22_21 0122                    u15_20 00E1  
                  u15_21 00E0                    u23_25 0127                    u24_20 0135  
                  u24_21 0134                    u16_25 00E5                    u17_20 00F3  
                  u25_20 013F                    u17_21 00F2                    u25_21 013E  
                  u25_25 013B                    u18_25 00F4                    u26_25 0146  
                  u19_20 0104                    u27_20 0152                    u19_21 0103  
                  u27_21 0151                    _PORTA 0005                    _PORTB 0006  
                  _PORTC 0007                    u19_25 0100                    _PORTE 0009  
                  u28_20 0031                    u28_21 0030                    _TRISA 0085  
                  _TRISB 0086                    _TRISC 0087                    _TRISE 0089  
                  _setup 0157                    _muxeo 0020                    pclath 000A  
                  status 0003                    wtemp0 007E          __initialization 0011  
           __end_of_main 00D9                   ??_main 0036                   ?_setup 0070  
                 _ANSELH 0189                ??___lwdiv 0074                ??___lwmod 007C  
                 saved_w 007E  __end_of__initialization 0029           __pcstackCOMMON 0070  
           __pidataBANK0 018D            __end_of_setup 017A           _OPTION_REGbits 0081  
                ??_setup 0036               __pbssBANK0 0020               __pmaintext 0092  
             __pintentry 0004                  ___lwdiv 00D9                  ___lwmod 011D  
                __ptext1 0157                  __ptext2 002D                  __ptext3 011D  
                __ptext4 00D9             __size_of_isr 0065     end_of_initialization 0029  
              _PORTEbits 0009      start_initialization 0011              __end_of_isr 0092  
             init_fetch0 017A              __pdataBANK0 002A                ___latbits 0002  
          __pcstackBANK0 0034         ___lwdiv@dividend 0072                 ?___lwdiv 0070  
               ?___lwmod 0078         ___lwdiv@quotient 0075           __size_of_setup 0023  
      interrupt_function 0004         __size_of___lwdiv 0044         __size_of___lwmod 003A  
        ___lwdiv@divisor 0070          ___lwdiv@counter 0077                 _contador 0022  
          __size_of_main 0047               _INTCONbits 000B                 init_ram0 017E  
               intlevel1 0000         ___lwmod@dividend 007A               _OSCCONbits 008F  
          _nums_displays 002A          ___lwmod@divisor 0078          ___lwmod@counter 007D  
